16 Feb 2016 17:25:08.080 INFO  Arara - Welcome to arara!
16 Feb 2016 17:25:08.093 INFO  Arara - Processing file 'dissertation.tex', please wait.
16 Feb 2016 17:25:08.097 INFO  DirectiveExtractor - Reading directives from dissertation.tex.
16 Feb 2016 17:25:08.104 TRACE DirectiveExtractor - Directive found in line 20 with pdflatex.
16 Feb 2016 17:25:08.106 TRACE DirectiveExtractor - Directive found in line 21 with bibtex.
16 Feb 2016 17:25:08.107 TRACE DirectiveExtractor - Directive found in line 22 with makeglossaries.
16 Feb 2016 17:25:08.107 TRACE DirectiveExtractor - Directive found in line 23 with pdflatex.
16 Feb 2016 17:25:08.120 INFO  DirectiveParser - Parsing directives.
16 Feb 2016 17:25:08.125 INFO  TaskDeployer - Deploying tasks into commands.
16 Feb 2016 17:25:08.126 TRACE TaskDeployer - Task 'pdflatex' found in '/usr/local/texlive/2014/texmf-dist/scripts/arara/rules'.
16 Feb 2016 17:25:08.385 TRACE TaskDeployer - Task 'bibtex' found in '/usr/local/texlive/2014/texmf-dist/scripts/arara/rules'.
16 Feb 2016 17:25:08.429 TRACE TaskDeployer - Task 'makeglossaries' found in '/usr/local/texlive/2014/texmf-dist/scripts/arara/rules'.
16 Feb 2016 17:25:08.433 TRACE TaskDeployer - Task 'pdflatex' found in '/usr/local/texlive/2014/texmf-dist/scripts/arara/rules'.
16 Feb 2016 17:25:08.442 INFO  CommandTrigger - Ready to run commands.
16 Feb 2016 17:25:08.442 INFO  CommandTrigger - Running 'PDFLaTeX'.
16 Feb 2016 17:25:08.443 TRACE CommandTrigger - Command: pdflatex      "dissertation.tex"
16 Feb 2016 17:25:10.600 TRACE CommandTrigger - Output logging:
16 Feb 2016 17:25:10.600 TRACE CommandTrigger - This is pdfTeX, Version 3.14159265-2.6-1.40.15 (TeX Live 2014) (preloaded format=pdflatex)
 restricted \write18 enabled.
entering extended mode
(./dissertation.tex
LaTeX2e <2014/05/01>
Babel <3.9k> and hyphenation patterns for 78 languages loaded.
(./dissertation.cls
Document Class: dissertation 1995/08/31 v1.0 Univ of Md LaTeX document class
(/usr/local/texlive/2014/texmf-dist/tex/latex/base/book.cls
Document Class: book 2007/10/19 v1.4h Standard LaTeX document class
(/usr/local/texlive/2014/texmf-dist/tex/latex/base/bk12.clo)))
(/usr/local/texlive/2014/texmf-dist/tex/latex/tools/longtable.sty)
(/usr/local/texlive/2014/texmf-dist/tex/latex/subfigure/subfigure.sty
****************************************
* Local config file subfigure.cfg used *
****************************************
(/usr/local/texlive/2014/texmf-dist/tex/latex/subfigure/subfigure.cfg))
(/usr/local/texlive/2014/texmf-dist/tex/latex/graphics/graphicx.sty
(/usr/local/texlive/2014/texmf-dist/tex/latex/graphics/keyval.sty)
(/usr/local/texlive/2014/texmf-dist/tex/latex/graphics/graphics.sty
(/usr/local/texlive/2014/texmf-dist/tex/latex/graphics/trig.sty)
(/usr/local/texlive/2014/texmf-dist/tex/latex/latexconfig/graphics.cfg)
(/usr/local/texlive/2014/texmf-dist/tex/latex/pdftex-def/pdftex.def
(/usr/local/texlive/2014/texmf-dist/tex/generic/oberdiek/infwarerr.sty)
(/usr/local/texlive/2014/texmf-dist/tex/generic/oberdiek/ltxcmds.sty))))
(/usr/local/texlive/2014/texmf-dist/tex/latex/base/ifthen.sty)
(/usr/local/texlive/2014/texmf-dist/tex/latex/oberdiek/epstopdf.sty
(/usr/local/texlive/2014/texmf-dist/tex/latex/oberdiek/epstopdf-base.sty
(/usr/local/texlive/2014/texmf-dist/tex/latex/oberdiek/grfext.sty
(/usr/local/texlive/2014/texmf-dist/tex/generic/oberdiek/kvdefinekeys.sty))
(/usr/local/texlive/2014/texmf-dist/tex/latex/oberdiek/kvoptions.sty
(/usr/local/texlive/2014/texmf-dist/tex/generic/oberdiek/kvsetkeys.sty
(/usr/local/texlive/2014/texmf-dist/tex/generic/oberdiek/etexcmds.sty
(/usr/local/texlive/2014/texmf-dist/tex/generic/oberdiek/ifluatex.sty))))
(/usr/local/texlive/2014/texmf-dist/tex/generic/oberdiek/pdftexcmds.sty
(/usr/local/texlive/2014/texmf-dist/tex/generic/oberdiek/ifpdf.sty))
(/usr/local/texlive/2014/texmf-dist/tex/latex/latexconfig/epstopdf-sys.cfg)))
(./aastex_hack.sty)
(/usr/local/texlive/2014/texmf-dist/tex/latex/fancyvrb/fancyvrb.sty
Style option: `fancyvrb' v2.7a, with DG/SPQR fixes, and firstline=lastline fix 
<2008/02/07> (tvz))
(/usr/local/texlive/2014/texmf-dist/tex/latex/acronym/acronym.sty
(/usr/local/texlive/2014/texmf-dist/tex/latex/bigfoot/suffix.sty)
(/usr/local/texlive/2014/texmf-dist/tex/generic/xstring/xstring.sty
(/usr/local/texlive/2014/texmf-dist/tex/generic/xstring/xstring.tex)))
(/usr/local/texlive/2014/texmf-dist/tex/latex/lineno/lineno.sty)
(/usr/local/texlive/2014/texmf-dist/tex/latex/glossaries/base/glossaries.sty
(/usr/local/texlive/2014/texmf-dist/tex/latex/xkeyval/xkeyval.sty
(/usr/local/texlive/2014/texmf-dist/tex/generic/xkeyval/xkeyval.tex))
(/usr/local/texlive/2014/texmf-dist/tex/latex/glossaries/base/mfirstuc.sty
(/usr/local/texlive/2014/texmf-dist/tex/latex/etoolbox/etoolbox.sty
(/usr/local/texlive/2014/texmf-dist/tex/latex/etex-pkg/etex.sty)))
(/usr/local/texlive/2014/texmf-dist/tex/latex/textcase/textcase.sty)
(/usr/local/texlive/2014/texmf-dist/tex/latex/xfor/xfor.sty)
(/usr/local/texlive/2014/texmf-dist/tex/latex/datatool/datatool-base.sty
(/usr/local/texlive/2014/texmf-dist/tex/latex/amsmath/amsmath.sty
For additional information on amsmath, use the `?' option.
(/usr/local/texlive/2014/texmf-dist/tex/latex/amsmath/amstext.sty
(/usr/local/texlive/2014/texmf-dist/tex/latex/amsmath/amsgen.sty))
(/usr/local/texlive/2014/texmf-dist/tex/latex/amsmath/amsbsy.sty)
(/usr/local/texlive/2014/texmf-dist/tex/latex/amsmath/amsopn.sty))
(/usr/local/texlive/2014/texmf-dist/tex/latex/substr/substr.sty)
(/usr/local/texlive/2014/texmf-dist/tex/latex/datatool/datatool-fp.sty
(/usr/local/texlive/2014/texmf-dist/tex/latex/fp/fp.sty
`Fixed Point Package', Version 0.8, April 2, 1995 (C) Michael Mehlich
(/usr/local/texlive/2014/texmf-dist/tex/latex/fp/defpattern.sty)
(/usr/local/texlive/2014/texmf-dist/tex/latex/fp/fp-basic.sty)
(/usr/local/texlive/2014/texmf-dist/tex/latex/fp/fp-addons.sty)
(/usr/local/texlive/2014/texmf-dist/tex/latex/fp/fp-snap.sty)
(/usr/local/texlive/2014/texmf-dist/tex/latex/fp/fp-exp.sty)
(/usr/local/texlive/2014/texmf-dist/tex/latex/fp/fp-trigo.sty)
(/usr/local/texlive/2014/texmf-dist/tex/latex/fp/fp-pas.sty)
(/usr/local/texlive/2014/texmf-dist/tex/latex/fp/fp-random.sty)
(/usr/local/texlive/2014/texmf-dist/tex/latex/fp/fp-eqn.sty)
(/usr/local/texlive/2014/texmf-dist/tex/latex/fp/fp-upn.sty)
(/usr/local/texlive/2014/texmf-dist/tex/latex/fp/fp-eval.sty))))
(/usr/local/texlive/2014/texmf-dist/tex/latex/glossaries/base/glossaries-compat
ible-307.sty)
(/usr/local/texlive/2014/texmf-dist/tex/latex/glossaries/styles/glossary-hypern
av.sty)
(/usr/local/texlive/2014/texmf-dist/tex/latex/glossaries/styles/glossary-list.s
ty)
(/usr/local/texlive/2014/texmf-dist/tex/latex/glossaries/styles/glossary-long.s
ty)
(/usr/local/texlive/2014/texmf-dist/tex/latex/glossaries/styles/glossary-super.
sty (/usr/local/texlive/2014/texmf-dist/tex/latex/supertabular/supertabular.sty
))
(/usr/local/texlive/2014/texmf-dist/tex/latex/glossaries/styles/glossary-tree.s
ty)) (./deluxetable.sty) (./abbrev.tex)
(/usr/local/texlive/2014/texmf-dist/tex/latex/natbib/natbib.sty)
(./natbibspacing.sty) (./mydefs.sty
(/usr/local/texlive/2014/texmf-dist/tex/latex/xcolor/xcolor.sty
(/usr/local/texlive/2014/texmf-dist/tex/latex/latexconfig/color.cfg)
(/usr/local/texlive/2014/texmf-dist/tex/latex/graphics/dvipsnam.def)))
(/usr/local/texlive/2014/texmf-dist/tex/latex/caption/caption.sty
(/usr/local/texlive/2014/texmf-dist/tex/latex/caption/caption3.sty)

Package caption Warning: Unsupported document class (or package) detected,
(caption)                usage of the caption package is not recommended.
See the caption package documentation for explanation.

(/usr/local/texlive/2014/texmf-dist/tex/latex/caption/ltcaption.sty))
(./atbeginend.sty)
(/usr/local/texlive/2014/texmf-dist/tex/latex/sectsty/sectsty.sty)
(/usr/local/texlive/2014/texmf-dist/tex/latex/titlesec/titlesec.sty)
(/usr/local/texlive/2014/texmf-dist/tex/latex/pdfpages/pdfpages.sty
(/usr/local/texlive/2014/texmf-dist/tex/latex/tools/calc.sty)
(/usr/local/texlive/2014/texmf-dist/tex/latex/eso-pic/eso-pic.sty
(/usr/local/texlive/2014/texmf-dist/tex/generic/oberdiek/atbegshi.sty))
(/usr/local/texlive/2014/texmf-dist/tex/latex/pdfpages/pppdftex.def))
(/usr/local/texlive/2014/texmf-dist/tex/latex/hyperref/hyperref.sty
(/usr/local/texlive/2014/texmf-dist/tex/generic/oberdiek/hobsub-hyperref.sty
(/usr/local/texlive/2014/texmf-dist/tex/generic/oberdiek/hobsub-generic.sty))
(/usr/local/texlive/2014/texmf-dist/tex/generic/ifxetex/ifxetex.sty)
(/usr/local/texlive/2014/texmf-dist/tex/latex/oberdiek/auxhook.sty)
(/usr/local/texlive/2014/texmf-dist/tex/latex/hyperref/pd1enc.def)
(/usr/local/texlive/2014/texmf-dist/tex/latex/latexconfig/hyperref.cfg)
(/usr/local/texlive/2014/texmf-dist/tex/latex/url/url.sty))

Package hyperref Message: Driver (autodetected): hpdftex.

(/usr/local/texlive/2014/texmf-dist/tex/latex/hyperref/hpdftex.def
(/usr/local/texlive/2014/texmf-dist/tex/latex/oberdiek/rerunfilecheck.sty))
(./dissertation.aux (./intro.aux) (./gamAstr.aux) (./LAT.aux) (./Rems.aux)
(./fermiData.aux) (./snrcat.aux) (./2FHL.aux) (./G150.aux) (./other.aux)
(./conc.aux))
(/usr/local/texlive/2014/texmf-dist/tex/context/base/supp-pdf.mkii
[Loading MPS to PDF converter (version 2006.09.02).]
) (./dissertation.glsdefs)
(/usr/local/texlive/2014/texmf-dist/tex/latex/hyperref/nameref.sty
(/usr/local/texlive/2014/texmf-dist/tex/generic/oberdiek/gettitlestring.sty))
(./dissertation.out) (./dissertation.out)
Overfull \hbox (268.8058pt too wide) in paragraph at lines 163--163
\OT1/cmr/m/n/12 Title of Dis-ser-ta-tion:  []
(./abstract.tex) [1{/usr/local/texlive/2014/texmf-var/fonts/map/pdftex/updmap/p
dftex.map}]
Overfull \hbox (352.98503pt too wide) in paragraph at lines 163--163
 [] 
[2] (/usr/local/texlive/2014/texmf-dist/tex/latex/base/omscmr.fd) [3]
(./preface.tex) [2] [3] (./acknowledgements.tex) [4] (./dissertation.toc
[5]) [6] (./dissertation.lot) [7] (./dissertation.lof) [8] (./intro.tex
Chapter 1.

Package hyperref Warning: Token not allowed in a PDF string (PDFDocEncoding):
(hyperref)                removing `math shift' on input line 17.


Package hyperref Warning: Token not allowed in a PDF string (PDFDocEncoding):
(hyperref)                removing `\gamma' on input line 17.


Package hyperref Warning: Token not allowed in a PDF string (PDFDocEncoding):
(hyperref)                removing `math shift' on input line 17.

)pdfTeX warning (ext4): destination with the same identifier (name{page.1}) has
 been already used, duplicate ignored
<to be read again> 
                   \relax 
l.167 \include{intro}
                      [1] (./gamAstr.tex
Chapter 2.
)pdfTeX warning (ext4): destination with the same identifier (name{page.2}) has
 been already used, duplicate ignored
<to be read again> 
                   \relax 
l.168 \include{gamAstr}
                        [2] (./LAT.tex
Chapter 3.
pdfTeX warning (ext4): destination with the same identifier (name{page.3}) has 
been already used, duplicate ignored
<to be read again> 
                   \relax 
l.16 S
      earching for extended Galactic sources leads into stellar remnants sec...
[3]) [4] (./Rems.tex
Chapter 4.
) [5] [6] (./fermiData.tex
Chapter 5.
) [7] (./snrcat.tex
Chapter 6.

Package hyperref Warning: Token not allowed in a PDF string (PDFDocEncoding):
(hyperref)                removing `math shift' on input line 1.


Package hyperref Warning: Token not allowed in a PDF string (PDFDocEncoding):
(hyperref)                removing `superscript' on input line 1.


Package hyperref Warning: Token not allowed in a PDF string (PDFDocEncoding):
(hyperref)                removing `math shift' on input line 1.


Package natbib Warning: Citation `Nolan12-2FGL' on page 8 undefined on input li
ne 14.


Package natbib Warning: Citation `Abdo13-2PC' on page 8 undefined on input line
 14.

[8]

Package natbib Warning: Citation `LAT-instrument-paper' on page 9 undefined on 
input line 24.


Package natbib Warning: Citation `Abdo13-2PC' on page 9 undefined on input line
 27.


Package natbib Warning: Citation `Mattox96-Likelihood' on page 9 undefined on i
nput line 29.

[9]
Underfull \hbox (badness 10000) in paragraph at lines 37--37
[][][]\OT1/cmr/m/n/10 See []$\OT1/cmtt/m/n/10 http : / / fermi . gsfc . nasa . 
gov / ssc / data / analysis / documentation / Cicerone /

Package natbib Warning: Citation `Nolan12-2FGL' on page 10 undefined on input l
ine 47.

[10]
Overfull \hbox (6.0495pt too wide) in paragraph at lines 58--59
[]\OT1/cmr/m/n/12 The spe-cific value of $[]$ was cho-sen to avoid miss-ing sou
rces with $[]$,
[11] [12]

LaTeX Warning: Reference `Sec:DetectMethod' on page 13 undefined on input line 
94.

[13]
<figures/addSrcs_2FGLnoAGNPSR_TSgt25_in3deg_2dhist_maj-eps-converted-to.pdf, id
=326, 578.16pt x 433.62pt>
<use figures/addSrcs_2FGLnoAGNPSR_TSgt25_in3deg_2dhist_maj-eps-converted-to.pdf
>

LaTeX Warning: `!h' float specifier changed to `!ht'.

[14]
<figures/addSrcsWassoc_2FGLnoAGNPSR_TSgt25_in3deg_2dhist_maj-eps-converted-to.p
df, id=333, 578.16pt x 433.62pt>
<use figures/addSrcsWassoc_2FGLnoAGNPSR_TSgt25_in3deg_2dhist_maj-eps-converted-
to.pdf>

LaTeX Warning: `!h' float specifier changed to `!ht'.

) [15 <./figures/addSrcs_2FGLnoAGNPSR_TSgt25_in3deg_2dhist_maj-eps-converted-to
.pdf>] [16 <./figures/addSrcsWassoc_2FGLnoAGNPSR_TSgt25_in3deg_2dhist_maj-eps-c
onverted-to.pdf>] (./2FHL.tex
Chapter 7.
[17] [18] [19]

LaTeX Warning: Reference `sec:sourceDetect' on page 20 undefined on input line 
35.

[20]
Overfull \hbox (32.5684pt too wide) in paragraph at lines 48--49
\OT1/cmr/m/n/12 sources in the vicin-ity, 2FHL J1834.5$\OMS/cmsy/m/n/12 ^^@$\OT
1/cmr/m/n/12 0701, 2FHL J1837.4$\OMS/cmsy/m/n/12 ^^@$\OT1/cmr/m/n/12 0717 and 2
FHL J1839.5$\OMS/cmsy/m/n/12 ^^@$\OT1/cmr/m/n/12 0705,
[21]
Overfull \hbox (21.9318pt too wide) in paragraph at lines 57--60
[]\OT1/cmr/bx/n/12 2FHL J1419.2$\OMS/cmsy/m/n/12 ^^@$\OT1/cmr/bx/n/12 6048e \OT
1/cmr/m/n/12 is a newly de-tected ex-tended sources with size $[]$
[22]
Overfull \hbox (6.05554pt too wide) in paragraph at lines 65--68
[]\OT1/cmr/m/n/12 Finally, \OT1/cmr/bx/n/12 2FHL J0431.2+5553e \OT1/cmr/m/n/12 
is a large ex-tended source ($[]$),

<Figures/l315_b0_ES_3_residTSmap_2FHL_zoom-eps-converted-to.pdf, id=462, 706.64
pt x 571.13374pt>
<use Figures/l315_b0_ES_3_residTSmap_2FHL_zoom-eps-converted-to.pdf>
<Figures/l315_b0_ES_4_residTSmap_2FHL_zoom-eps-converted-to.pdf, id=463, 706.64
pt x 571.13374pt>
<use Figures/l315_b0_ES_4_residTSmap_2FHL_zoom-eps-converted-to.pdf>
<Figures/l315_b0_ES_1_residTSmap_2FHL_zoom-eps-converted-to.pdf, id=464, 706.64
pt x 579.16376pt>
<use Figures/l315_b0_ES_1_residTSmap_2FHL_zoom-eps-converted-to.pdf>
<Figures/l290_b0_ES_1_residTSmap_2FHL_zoom-eps-converted-to.pdf, id=465, 706.64
pt x 579.16376pt>
<use Figures/l290_b0_ES_1_residTSmap_2FHL_zoom-eps-converted-to.pdf>
<Figures/l145_b0_ES_1_residTSmap_2FHL_zoom-eps-converted-to.pdf, id=466, 706.64
pt x 579.16376pt>
<use Figures/l145_b0_ES_1_residTSmap_2FHL_zoom-eps-converted-to.pdf>

LaTeX Warning: Float too large for page by 344.75064pt on input line 82.

(./Tables/tab_extended.tex
Table 7.1 has been set to width 412.8127pt
) (./Tables/tab_extended_new.tex
Overfull \hbox (39.46165pt too wide) in paragraph at lines 22--31
 [][] 

Overfull \hbox (39.46165pt too wide) in paragraph at lines 31--31
 []$[]$ 
Table 7.2 has been set to width 465.8542pt
)) [23] [24] [25 <./Figures/l315_b0_ES_3_residTSmap_2FHL_zoom-eps-converted-to.
pdf> <./Figures/l315_b0_ES_4_residTSmap_2FHL_zoom-eps-converted-to.pdf> <./Figu
res/l315_b0_ES_1_residTSmap_2FHL_zoom-eps-converted-to.pdf> <./Figures/l290_b0_
ES_1_residTSmap_2FHL_zoom-eps-converted-to.pdf> <./Figures/l145_b0_ES_1_residTS
map_2FHL_zoom-eps-converted-to.pdf>] (./G150.tex
Chapter 8.
) [26] [27] (./other.tex
Chapter 9.
) [28] (./conc.tex
Chapter 10.
) [29] (./dissertation.acr) [30] (./dissertation.bbl [31])

Package natbib Warning: There were undefined citations.

[32] (./dissertation.aux (./intro.aux) (./gamAstr.aux) (./LAT.aux) (./Rems.aux)
 (./fermiData.aux) (./snrcat.aux) (./2FHL.aux) (./G150.aux) (./other.aux)
(./conc.aux))

LaTeX Warning: There were undefined references.

 )
(see the transcript file for additional information)</usr/local/texlive/2014/te
xmf-dist/fonts/type1/public/amsfonts/cm/cmbx12.pfb></usr/local/texlive/2014/tex
mf-dist/fonts/type1/public/amsfonts/cm/cmbxti10.pfb></usr/local/texlive/2014/te
xmf-dist/fonts/type1/public/amsfonts/cm/cmex10.pfb></usr/local/texlive/2014/tex
mf-dist/fonts/type1/public/amsfonts/cm/cmmi10.pfb></usr/local/texlive/2014/texm
f-dist/fonts/type1/public/amsfonts/cm/cmmi12.pfb></usr/local/texlive/2014/texmf
-dist/fonts/type1/public/amsfonts/cm/cmmi6.pfb></usr/local/texlive/2014/texmf-d
ist/fonts/type1/public/amsfonts/cm/cmmi8.pfb></usr/local/texlive/2014/texmf-dis
t/fonts/type1/public/amsfonts/cm/cmr10.pfb></usr/local/texlive/2014/texmf-dist/
fonts/type1/public/amsfonts/cm/cmr12.pfb></usr/local/texlive/2014/texmf-dist/fo
nts/type1/public/amsfonts/cm/cmr17.pfb></usr/local/texlive/2014/texmf-dist/font
s/type1/public/amsfonts/cm/cmr6.pfb></usr/local/texlive/2014/texmf-dist/fonts/t
ype1/public/amsfonts/cm/cmr7.pfb></usr/local/texlive/2014/texmf-dist/fonts/type
1/public/amsfonts/cm/cmr8.pfb></usr/local/texlive/2014/texmf-dist/fonts/type1/p
ublic/amsfonts/cm/cmsy10.pfb></usr/local/texlive/2014/texmf-dist/fonts/type1/pu
blic/amsfonts/cm/cmsy8.pfb></usr/local/texlive/2014/texmf-dist/fonts/type1/publ
ic/amsfonts/cm/cmti12.pfb></usr/local/texlive/2014/texmf-dist/fonts/type1/publi
c/amsfonts/cm/cmti8.pfb></usr/local/texlive/2014/texmf-dist/fonts/type1/public/
amsfonts/cm/cmtt10.pfb></usr/local/texlive/2014/texmf-dist/fonts/type1/public/a
msfonts/cm/cmtt12.pfb>
Output written on dissertation.pdf (42 pages, 586554 bytes).
Transcript written on dissertation.log.

16 Feb 2016 17:25:10.609 INFO  CommandTrigger - 'PDFLaTeX' was successfully executed.
16 Feb 2016 17:25:10.609 INFO  CommandTrigger - Running 'BibTeX'.
16 Feb 2016 17:25:10.609 TRACE CommandTrigger - Command: bibtex  "dissertation.aux"
16 Feb 2016 17:25:11.846 TRACE CommandTrigger - Output logging:
16 Feb 2016 17:25:11.846 TRACE CommandTrigger - This is BibTeX, Version 0.99d (TeX Live 2014)
The top-level auxiliary file: dissertation.aux
A level-1 auxiliary file: intro.aux
A level-1 auxiliary file: gamAstr.aux
A level-1 auxiliary file: LAT.aux
A level-1 auxiliary file: Rems.aux
A level-1 auxiliary file: fermiData.aux
A level-1 auxiliary file: snrcat.aux
A level-1 auxiliary file: 2FHL.aux
A level-1 auxiliary file: G150.aux
A level-1 auxiliary file: other.aux
A level-1 auxiliary file: conc.aux
The style file: apj.bst
Database file #1: biblio.bib
Warning--I didn't find a database entry for "Nolan12-2FGL"
Warning--I didn't find a database entry for "Abdo13-2PC"
Warning--I didn't find a database entry for "LAT-instrument-paper"
Warning--I didn't find a database entry for "Mattox96-Likelihood"
(There were 4 warnings)

16 Feb 2016 17:25:11.846 INFO  CommandTrigger - 'BibTeX' was successfully executed.
16 Feb 2016 17:25:11.847 INFO  CommandTrigger - Running 'MakeGlossaries'.
16 Feb 2016 17:25:11.847 TRACE CommandTrigger - Command: makeglossaries  "dissertation"
16 Feb 2016 17:25:12.677 TRACE CommandTrigger - Output logging:
16 Feb 2016 17:25:12.677 TRACE CommandTrigger - makeglossaries version 2.14 (2014-03-06)
added glossary type 'acronym' (alg,acr,acn)
makeindex  -s "dissertation.ist" -t "dissertation.alg" -o "dissertation.acr" "dissertation.acn"
This is makeindex, version 2.15 [TeX Live 2014] (kpathsea + Thai support).
Scanning style file ./dissertation.ist.............................done (29 attributes redefined, 0 ignored).
Scanning input file dissertation.acn....done (7 entries accepted, 0 rejected).
Sorting entries....done (26 comparisons).
Generating output file dissertation.acr....done (10 lines written, 0 warnings).
Output written in dissertation.acr.
Transcript written in dissertation.alg.

16 Feb 2016 17:25:12.677 INFO  CommandTrigger - 'MakeGlossaries' was successfully executed.
16 Feb 2016 17:25:12.678 INFO  CommandTrigger - Running 'PDFLaTeX'.
16 Feb 2016 17:25:12.678 TRACE CommandTrigger - Command: pdflatex      "dissertation.tex"
16 Feb 2016 17:25:14.933 TRACE CommandTrigger - Output logging:
16 Feb 2016 17:25:14.933 TRACE CommandTrigger - This is pdfTeX, Version 3.14159265-2.6-1.40.15 (TeX Live 2014) (preloaded format=pdflatex)
 restricted \write18 enabled.
entering extended mode
(./dissertation.tex
LaTeX2e <2014/05/01>
Babel <3.9k> and hyphenation patterns for 78 languages loaded.
(./dissertation.cls
Document Class: dissertation 1995/08/31 v1.0 Univ of Md LaTeX document class
(/usr/local/texlive/2014/texmf-dist/tex/latex/base/book.cls
Document Class: book 2007/10/19 v1.4h Standard LaTeX document class
(/usr/local/texlive/2014/texmf-dist/tex/latex/base/bk12.clo)))
(/usr/local/texlive/2014/texmf-dist/tex/latex/tools/longtable.sty)
(/usr/local/texlive/2014/texmf-dist/tex/latex/subfigure/subfigure.sty
****************************************
* Local config file subfigure.cfg used *
****************************************
(/usr/local/texlive/2014/texmf-dist/tex/latex/subfigure/subfigure.cfg))
(/usr/local/texlive/2014/texmf-dist/tex/latex/graphics/graphicx.sty
(/usr/local/texlive/2014/texmf-dist/tex/latex/graphics/keyval.sty)
(/usr/local/texlive/2014/texmf-dist/tex/latex/graphics/graphics.sty
(/usr/local/texlive/2014/texmf-dist/tex/latex/graphics/trig.sty)
(/usr/local/texlive/2014/texmf-dist/tex/latex/latexconfig/graphics.cfg)
(/usr/local/texlive/2014/texmf-dist/tex/latex/pdftex-def/pdftex.def
(/usr/local/texlive/2014/texmf-dist/tex/generic/oberdiek/infwarerr.sty)
(/usr/local/texlive/2014/texmf-dist/tex/generic/oberdiek/ltxcmds.sty))))
(/usr/local/texlive/2014/texmf-dist/tex/latex/base/ifthen.sty)
(/usr/local/texlive/2014/texmf-dist/tex/latex/oberdiek/epstopdf.sty
(/usr/local/texlive/2014/texmf-dist/tex/latex/oberdiek/epstopdf-base.sty
(/usr/local/texlive/2014/texmf-dist/tex/latex/oberdiek/grfext.sty
(/usr/local/texlive/2014/texmf-dist/tex/generic/oberdiek/kvdefinekeys.sty))
(/usr/local/texlive/2014/texmf-dist/tex/latex/oberdiek/kvoptions.sty
(/usr/local/texlive/2014/texmf-dist/tex/generic/oberdiek/kvsetkeys.sty
(/usr/local/texlive/2014/texmf-dist/tex/generic/oberdiek/etexcmds.sty
(/usr/local/texlive/2014/texmf-dist/tex/generic/oberdiek/ifluatex.sty))))
(/usr/local/texlive/2014/texmf-dist/tex/generic/oberdiek/pdftexcmds.sty
(/usr/local/texlive/2014/texmf-dist/tex/generic/oberdiek/ifpdf.sty))
(/usr/local/texlive/2014/texmf-dist/tex/latex/latexconfig/epstopdf-sys.cfg)))
(./aastex_hack.sty)
(/usr/local/texlive/2014/texmf-dist/tex/latex/fancyvrb/fancyvrb.sty
Style option: `fancyvrb' v2.7a, with DG/SPQR fixes, and firstline=lastline fix 
<2008/02/07> (tvz))
(/usr/local/texlive/2014/texmf-dist/tex/latex/acronym/acronym.sty
(/usr/local/texlive/2014/texmf-dist/tex/latex/bigfoot/suffix.sty)
(/usr/local/texlive/2014/texmf-dist/tex/generic/xstring/xstring.sty
(/usr/local/texlive/2014/texmf-dist/tex/generic/xstring/xstring.tex)))
(/usr/local/texlive/2014/texmf-dist/tex/latex/lineno/lineno.sty)
(/usr/local/texlive/2014/texmf-dist/tex/latex/glossaries/base/glossaries.sty
(/usr/local/texlive/2014/texmf-dist/tex/latex/xkeyval/xkeyval.sty
(/usr/local/texlive/2014/texmf-dist/tex/generic/xkeyval/xkeyval.tex))
(/usr/local/texlive/2014/texmf-dist/tex/latex/glossaries/base/mfirstuc.sty
(/usr/local/texlive/2014/texmf-dist/tex/latex/etoolbox/etoolbox.sty
(/usr/local/texlive/2014/texmf-dist/tex/latex/etex-pkg/etex.sty)))
(/usr/local/texlive/2014/texmf-dist/tex/latex/textcase/textcase.sty)
(/usr/local/texlive/2014/texmf-dist/tex/latex/xfor/xfor.sty)
(/usr/local/texlive/2014/texmf-dist/tex/latex/datatool/datatool-base.sty
(/usr/local/texlive/2014/texmf-dist/tex/latex/amsmath/amsmath.sty
For additional information on amsmath, use the `?' option.
(/usr/local/texlive/2014/texmf-dist/tex/latex/amsmath/amstext.sty
(/usr/local/texlive/2014/texmf-dist/tex/latex/amsmath/amsgen.sty))
(/usr/local/texlive/2014/texmf-dist/tex/latex/amsmath/amsbsy.sty)
(/usr/local/texlive/2014/texmf-dist/tex/latex/amsmath/amsopn.sty))
(/usr/local/texlive/2014/texmf-dist/tex/latex/substr/substr.sty)
(/usr/local/texlive/2014/texmf-dist/tex/latex/datatool/datatool-fp.sty
(/usr/local/texlive/2014/texmf-dist/tex/latex/fp/fp.sty
`Fixed Point Package', Version 0.8, April 2, 1995 (C) Michael Mehlich
(/usr/local/texlive/2014/texmf-dist/tex/latex/fp/defpattern.sty)
(/usr/local/texlive/2014/texmf-dist/tex/latex/fp/fp-basic.sty)
(/usr/local/texlive/2014/texmf-dist/tex/latex/fp/fp-addons.sty)
(/usr/local/texlive/2014/texmf-dist/tex/latex/fp/fp-snap.sty)
(/usr/local/texlive/2014/texmf-dist/tex/latex/fp/fp-exp.sty)
(/usr/local/texlive/2014/texmf-dist/tex/latex/fp/fp-trigo.sty)
(/usr/local/texlive/2014/texmf-dist/tex/latex/fp/fp-pas.sty)
(/usr/local/texlive/2014/texmf-dist/tex/latex/fp/fp-random.sty)
(/usr/local/texlive/2014/texmf-dist/tex/latex/fp/fp-eqn.sty)
(/usr/local/texlive/2014/texmf-dist/tex/latex/fp/fp-upn.sty)
(/usr/local/texlive/2014/texmf-dist/tex/latex/fp/fp-eval.sty))))
(/usr/local/texlive/2014/texmf-dist/tex/latex/glossaries/base/glossaries-compat
ible-307.sty)
(/usr/local/texlive/2014/texmf-dist/tex/latex/glossaries/styles/glossary-hypern
av.sty)
(/usr/local/texlive/2014/texmf-dist/tex/latex/glossaries/styles/glossary-list.s
ty)
(/usr/local/texlive/2014/texmf-dist/tex/latex/glossaries/styles/glossary-long.s
ty)
(/usr/local/texlive/2014/texmf-dist/tex/latex/glossaries/styles/glossary-super.
sty (/usr/local/texlive/2014/texmf-dist/tex/latex/supertabular/supertabular.sty
))
(/usr/local/texlive/2014/texmf-dist/tex/latex/glossaries/styles/glossary-tree.s
ty)) (./deluxetable.sty) (./abbrev.tex)
(/usr/local/texlive/2014/texmf-dist/tex/latex/natbib/natbib.sty)
(./natbibspacing.sty) (./mydefs.sty
(/usr/local/texlive/2014/texmf-dist/tex/latex/xcolor/xcolor.sty
(/usr/local/texlive/2014/texmf-dist/tex/latex/latexconfig/color.cfg)
(/usr/local/texlive/2014/texmf-dist/tex/latex/graphics/dvipsnam.def)))
(/usr/local/texlive/2014/texmf-dist/tex/latex/caption/caption.sty
(/usr/local/texlive/2014/texmf-dist/tex/latex/caption/caption3.sty)

Package caption Warning: Unsupported document class (or package) detected,
(caption)                usage of the caption package is not recommended.
See the caption package documentation for explanation.

(/usr/local/texlive/2014/texmf-dist/tex/latex/caption/ltcaption.sty))
(./atbeginend.sty)
(/usr/local/texlive/2014/texmf-dist/tex/latex/sectsty/sectsty.sty)
(/usr/local/texlive/2014/texmf-dist/tex/latex/titlesec/titlesec.sty)
(/usr/local/texlive/2014/texmf-dist/tex/latex/pdfpages/pdfpages.sty
(/usr/local/texlive/2014/texmf-dist/tex/latex/tools/calc.sty)
(/usr/local/texlive/2014/texmf-dist/tex/latex/eso-pic/eso-pic.sty
(/usr/local/texlive/2014/texmf-dist/tex/generic/oberdiek/atbegshi.sty))
(/usr/local/texlive/2014/texmf-dist/tex/latex/pdfpages/pppdftex.def))
(/usr/local/texlive/2014/texmf-dist/tex/latex/hyperref/hyperref.sty
(/usr/local/texlive/2014/texmf-dist/tex/generic/oberdiek/hobsub-hyperref.sty
(/usr/local/texlive/2014/texmf-dist/tex/generic/oberdiek/hobsub-generic.sty))
(/usr/local/texlive/2014/texmf-dist/tex/generic/ifxetex/ifxetex.sty)
(/usr/local/texlive/2014/texmf-dist/tex/latex/oberdiek/auxhook.sty)
(/usr/local/texlive/2014/texmf-dist/tex/latex/hyperref/pd1enc.def)
(/usr/local/texlive/2014/texmf-dist/tex/latex/latexconfig/hyperref.cfg)
(/usr/local/texlive/2014/texmf-dist/tex/latex/url/url.sty))

Package hyperref Message: Driver (autodetected): hpdftex.

(/usr/local/texlive/2014/texmf-dist/tex/latex/hyperref/hpdftex.def
(/usr/local/texlive/2014/texmf-dist/tex/latex/oberdiek/rerunfilecheck.sty))
(./dissertation.aux (./intro.aux) (./gamAstr.aux) (./LAT.aux) (./Rems.aux)
(./fermiData.aux) (./snrcat.aux) (./2FHL.aux) (./G150.aux) (./other.aux)
(./conc.aux))
(/usr/local/texlive/2014/texmf-dist/tex/context/base/supp-pdf.mkii
[Loading MPS to PDF converter (version 2006.09.02).]
) (./dissertation.glsdefs)
(/usr/local/texlive/2014/texmf-dist/tex/latex/hyperref/nameref.sty
(/usr/local/texlive/2014/texmf-dist/tex/generic/oberdiek/gettitlestring.sty))
(./dissertation.out) (./dissertation.out)
Overfull \hbox (268.8058pt too wide) in paragraph at lines 163--163
\OT1/cmr/m/n/12 Title of Dis-ser-ta-tion:  []
(./abstract.tex) [1{/usr/local/texlive/2014/texmf-var/fonts/map/pdftex/updmap/p
dftex.map}]
Overfull \hbox (352.98503pt too wide) in paragraph at lines 163--163
 [] 
[2] (/usr/local/texlive/2014/texmf-dist/tex/latex/base/omscmr.fd) [3]
(./preface.tex) [2] [3] (./acknowledgements.tex) [4] (./dissertation.toc
[5]) [6] (./dissertation.lot) [7] (./dissertation.lof) [8] (./intro.tex
Chapter 1.

Package hyperref Warning: Token not allowed in a PDF string (PDFDocEncoding):
(hyperref)                removing `math shift' on input line 17.


Package hyperref Warning: Token not allowed in a PDF string (PDFDocEncoding):
(hyperref)                removing `\gamma' on input line 17.


Package hyperref Warning: Token not allowed in a PDF string (PDFDocEncoding):
(hyperref)                removing `math shift' on input line 17.

)pdfTeX warning (ext4): destination with the same identifier (name{page.1}) has
 been already used, duplicate ignored
<to be read again> 
                   \relax 
l.167 \include{intro}
                      [1] (./gamAstr.tex
Chapter 2.
)pdfTeX warning (ext4): destination with the same identifier (name{page.2}) has
 been already used, duplicate ignored
<to be read again> 
                   \relax 
l.168 \include{gamAstr}
                        [2] (./LAT.tex
Chapter 3.
pdfTeX warning (ext4): destination with the same identifier (name{page.3}) has 
been already used, duplicate ignored
<to be read again> 
                   \relax 
l.16 S
      earching for extended Galactic sources leads into stellar remnants sec...
[3]) [4] (./Rems.tex
Chapter 4.
) [5] [6] (./fermiData.tex
Chapter 5.
) [7] (./snrcat.tex
Chapter 6.

Package hyperref Warning: Token not allowed in a PDF string (PDFDocEncoding):
(hyperref)                removing `math shift' on input line 1.


Package hyperref Warning: Token not allowed in a PDF string (PDFDocEncoding):
(hyperref)                removing `superscript' on input line 1.


Package hyperref Warning: Token not allowed in a PDF string (PDFDocEncoding):
(hyperref)                removing `math shift' on input line 1.


Package natbib Warning: Citation `Nolan12-2FGL' on page 8 undefined on input li
ne 14.


Package natbib Warning: Citation `Abdo13-2PC' on page 8 undefined on input line
 14.

[8]

Package natbib Warning: Citation `LAT-instrument-paper' on page 9 undefined on 
input line 24.


Package natbib Warning: Citation `Abdo13-2PC' on page 9 undefined on input line
 27.


Package natbib Warning: Citation `Mattox96-Likelihood' on page 9 undefined on i
nput line 29.

[9]
Underfull \hbox (badness 10000) in paragraph at lines 37--37
[][][]\OT1/cmr/m/n/10 See []$\OT1/cmtt/m/n/10 http : / / fermi . gsfc . nasa . 
gov / ssc / data / analysis / documentation / Cicerone /

Package natbib Warning: Citation `Nolan12-2FGL' on page 10 undefined on input l
ine 47.

[10]
Overfull \hbox (6.0495pt too wide) in paragraph at lines 58--59
[]\OT1/cmr/m/n/12 The spe-cific value of $[]$ was cho-sen to avoid miss-ing sou
rces with $[]$,
[11] [12]

LaTeX Warning: Reference `Sec:DetectMethod' on page 13 undefined on input line 
94.

[13]
<figures/addSrcs_2FGLnoAGNPSR_TSgt25_in3deg_2dhist_maj-eps-converted-to.pdf, id
=326, 578.16pt x 433.62pt>
<use figures/addSrcs_2FGLnoAGNPSR_TSgt25_in3deg_2dhist_maj-eps-converted-to.pdf
>

LaTeX Warning: `!h' float specifier changed to `!ht'.

[14]
<figures/addSrcsWassoc_2FGLnoAGNPSR_TSgt25_in3deg_2dhist_maj-eps-converted-to.p
df, id=333, 578.16pt x 433.62pt>
<use figures/addSrcsWassoc_2FGLnoAGNPSR_TSgt25_in3deg_2dhist_maj-eps-converted-
to.pdf>

LaTeX Warning: `!h' float specifier changed to `!ht'.

) [15 <./figures/addSrcs_2FGLnoAGNPSR_TSgt25_in3deg_2dhist_maj-eps-converted-to
.pdf>] [16 <./figures/addSrcsWassoc_2FGLnoAGNPSR_TSgt25_in3deg_2dhist_maj-eps-c
onverted-to.pdf>] (./2FHL.tex
Chapter 7.
[17] [18] [19]

LaTeX Warning: Reference `sec:sourceDetect' on page 20 undefined on input line 
35.

[20]
Overfull \hbox (32.5684pt too wide) in paragraph at lines 48--49
\OT1/cmr/m/n/12 sources in the vicin-ity, 2FHL J1834.5$\OMS/cmsy/m/n/12 ^^@$\OT
1/cmr/m/n/12 0701, 2FHL J1837.4$\OMS/cmsy/m/n/12 ^^@$\OT1/cmr/m/n/12 0717 and 2
FHL J1839.5$\OMS/cmsy/m/n/12 ^^@$\OT1/cmr/m/n/12 0705,
[21]
Overfull \hbox (21.9318pt too wide) in paragraph at lines 57--60
[]\OT1/cmr/bx/n/12 2FHL J1419.2$\OMS/cmsy/m/n/12 ^^@$\OT1/cmr/bx/n/12 6048e \OT
1/cmr/m/n/12 is a newly de-tected ex-tended sources with size $[]$
[22]
Overfull \hbox (6.05554pt too wide) in paragraph at lines 65--68
[]\OT1/cmr/m/n/12 Finally, \OT1/cmr/bx/n/12 2FHL J0431.2+5553e \OT1/cmr/m/n/12 
is a large ex-tended source ($[]$),

<Figures/l315_b0_ES_3_residTSmap_2FHL_zoom-eps-converted-to.pdf, id=462, 706.64
pt x 571.13374pt>
<use Figures/l315_b0_ES_3_residTSmap_2FHL_zoom-eps-converted-to.pdf>
<Figures/l315_b0_ES_4_residTSmap_2FHL_zoom-eps-converted-to.pdf, id=463, 706.64
pt x 571.13374pt>
<use Figures/l315_b0_ES_4_residTSmap_2FHL_zoom-eps-converted-to.pdf>
<Figures/l315_b0_ES_1_residTSmap_2FHL_zoom-eps-converted-to.pdf, id=464, 706.64
pt x 579.16376pt>
<use Figures/l315_b0_ES_1_residTSmap_2FHL_zoom-eps-converted-to.pdf>
<Figures/l290_b0_ES_1_residTSmap_2FHL_zoom-eps-converted-to.pdf, id=465, 706.64
pt x 579.16376pt>
<use Figures/l290_b0_ES_1_residTSmap_2FHL_zoom-eps-converted-to.pdf>
<Figures/l145_b0_ES_1_residTSmap_2FHL_zoom-eps-converted-to.pdf, id=466, 706.64
pt x 579.16376pt>
<use Figures/l145_b0_ES_1_residTSmap_2FHL_zoom-eps-converted-to.pdf>

LaTeX Warning: Float too large for page by 344.75064pt on input line 82.

(./Tables/tab_extended.tex
Table 7.1 has been set to width 412.8127pt
) (./Tables/tab_extended_new.tex
Overfull \hbox (39.46165pt too wide) in paragraph at lines 22--31
 [][] 

Overfull \hbox (39.46165pt too wide) in paragraph at lines 31--31
 []$[]$ 
Table 7.2 has been set to width 465.8542pt
)) [23] [24] [25 <./Figures/l315_b0_ES_3_residTSmap_2FHL_zoom-eps-converted-to.
pdf> <./Figures/l315_b0_ES_4_residTSmap_2FHL_zoom-eps-converted-to.pdf> <./Figu
res/l315_b0_ES_1_residTSmap_2FHL_zoom-eps-converted-to.pdf> <./Figures/l290_b0_
ES_1_residTSmap_2FHL_zoom-eps-converted-to.pdf> <./Figures/l145_b0_ES_1_residTS
map_2FHL_zoom-eps-converted-to.pdf>] (./G150.tex
Chapter 8.
) [26] [27] (./other.tex
Chapter 9.
) [28] (./conc.tex
Chapter 10.
) [29] (./dissertation.acr) [30] (./dissertation.bbl [31])

Package natbib Warning: There were undefined citations.

[32] (./dissertation.aux (./intro.aux) (./gamAstr.aux) (./LAT.aux) (./Rems.aux)
 (./fermiData.aux) (./snrcat.aux) (./2FHL.aux) (./G150.aux) (./other.aux)
(./conc.aux))

LaTeX Warning: There were undefined references.

 )
(see the transcript file for additional information)</usr/local/texlive/2014/te
xmf-dist/fonts/type1/public/amsfonts/cm/cmbx12.pfb></usr/local/texlive/2014/tex
mf-dist/fonts/type1/public/amsfonts/cm/cmbxti10.pfb></usr/local/texlive/2014/te
xmf-dist/fonts/type1/public/amsfonts/cm/cmex10.pfb></usr/local/texlive/2014/tex
mf-dist/fonts/type1/public/amsfonts/cm/cmmi10.pfb></usr/local/texlive/2014/texm
f-dist/fonts/type1/public/amsfonts/cm/cmmi12.pfb></usr/local/texlive/2014/texmf
-dist/fonts/type1/public/amsfonts/cm/cmmi6.pfb></usr/local/texlive/2014/texmf-d
ist/fonts/type1/public/amsfonts/cm/cmmi8.pfb></usr/local/texlive/2014/texmf-dis
t/fonts/type1/public/amsfonts/cm/cmr10.pfb></usr/local/texlive/2014/texmf-dist/
fonts/type1/public/amsfonts/cm/cmr12.pfb></usr/local/texlive/2014/texmf-dist/fo
nts/type1/public/amsfonts/cm/cmr17.pfb></usr/local/texlive/2014/texmf-dist/font
s/type1/public/amsfonts/cm/cmr6.pfb></usr/local/texlive/2014/texmf-dist/fonts/t
ype1/public/amsfonts/cm/cmr7.pfb></usr/local/texlive/2014/texmf-dist/fonts/type
1/public/amsfonts/cm/cmr8.pfb></usr/local/texlive/2014/texmf-dist/fonts/type1/p
ublic/amsfonts/cm/cmsy10.pfb></usr/local/texlive/2014/texmf-dist/fonts/type1/pu
blic/amsfonts/cm/cmsy8.pfb></usr/local/texlive/2014/texmf-dist/fonts/type1/publ
ic/amsfonts/cm/cmti12.pfb></usr/local/texlive/2014/texmf-dist/fonts/type1/publi
c/amsfonts/cm/cmti8.pfb></usr/local/texlive/2014/texmf-dist/fonts/type1/public/
amsfonts/cm/cmtt10.pfb></usr/local/texlive/2014/texmf-dist/fonts/type1/public/a
msfonts/cm/cmtt12.pfb>
Output written on dissertation.pdf (42 pages, 586554 bytes).
Transcript written on dissertation.log.

16 Feb 2016 17:25:14.934 INFO  CommandTrigger - 'PDFLaTeX' was successfully executed.
16 Feb 2016 17:25:14.934 INFO  CommandTrigger - All commands were successfully executed.
16 Feb 2016 17:25:14.934 INFO  Arara - Done.
