\BOOKMARK [1][-]{dissertationabstract.1}{Abstract}{}% 1
\BOOKMARK [1][-]{dissertationtitlepage.1}{Title Page}{}% 2
\BOOKMARK [1][-]{dissertationcopyright.1}{Copyright}{}% 3
\BOOKMARK [1][-]{dissertationpreface.1}{Preface}{}% 4
\BOOKMARK [1][-]{dissertationdedication.1}{Dedication}{}% 5
\BOOKMARK [1][-]{dissertationacknowledgements.1}{Acknowledgements}{}% 6
\BOOKMARK [1][-]{toc.1}{Contents}{}% 7
\BOOKMARK [0][-]{section*.5}{List of Tables}{}% 8
\BOOKMARK [0][-]{section*.7}{List of Figures}{}% 9
\BOOKMARK [0][-]{chapter.1}{Introduction}{}% 10
\BOOKMARK [1][-]{section.1.1}{Goooo -rays go!}{chapter.1}% 11
\BOOKMARK [1][-]{section.1.2}{Dissertation Overview}{chapter.1}% 12
\BOOKMARK [0][-]{chapter.2}{Gamma-ray Astronomy}{}% 13
\BOOKMARK [0][-]{chapter.3}{The Fermi Gamma Ray Space Telescope}{}% 14
\BOOKMARK [1][-]{section.3.1}{Overview}{chapter.3}% 15
\BOOKMARK [1][-]{section.3.2}{The Large Area Telescope}{chapter.3}% 16
\BOOKMARK [0][-]{chapter.4}{Stellar Remnants}{}% 17
\BOOKMARK [1][-]{section.4.1}{Supernova Remnants}{chapter.4}% 18
\BOOKMARK [1][-]{section.4.2}{Pulsar Wind Nebulae}{chapter.4}% 19
\BOOKMARK [0][-]{chapter.5}{Analysis of Fermi-LAT - data}{}% 20
\BOOKMARK [1][-]{section.5.1}{addSrcs}{chapter.5}% 21
\BOOKMARK [0][-]{chapter.6}{The 1stFermi-LAT Supernova Remnant Catalog}{}% 22
\BOOKMARK [1][-]{section.6.1}{Input Source Model Construction}{chapter.6}% 23
\BOOKMARK [1][-]{section.6.2}{Comparison of Source Models with 2FGL}{chapter.6}% 24
\BOOKMARK [0][-]{chapter.7}{Extended Source Detection above 50 GeV: The 2FHL Catalog}{}% 25
\BOOKMARK [1][-]{section.7.1}{Extended Sources Previously Detected by the LAT}{chapter.7}% 26
\BOOKMARK [1][-]{section.7.2}{Newly Detected Extended Sources}{chapter.7}% 27
\BOOKMARK [1][-]{section.7.3}{Extended Source Results}{chapter.7}% 28
\BOOKMARK [0][-]{chapter.8}{SNR G150.3+4.5}{}% 29
\BOOKMARK [1][-]{section.8.1}{Summary}{chapter.8}% 30
\BOOKMARK [0][-]{chapter.9}{SNR-MC, 10 GeV, and anything else?}{}% 31
\BOOKMARK [0][-]{chapter.10}{Conclusions}{}% 32
\BOOKMARK [0][-]{section*.14}{List of Symbols and Acronyms}{}% 33
\BOOKMARK [0][-]{section*.16}{Bibliography}{}% 34
